<?xml version="1.0" encoding="UTF-8"?>
<testng-results skipped="0" failed="0" total="1" passed="1">
  <reporter-output>
  </reporter-output>
  <suite name="Default suite" duration-ms="33" started-at="2022-04-15T07:53:29Z" finished-at="2022-04-15T07:53:29Z">
    <groups>
    </groups>
    <test name="Default test" duration-ms="33" started-at="2022-04-15T07:53:29Z" finished-at="2022-04-15T07:53:29Z">
      <class name="com.MyBuilderPatternTest.BuilderDesignPatternTest">
        <test-method status="PASS" signature="builderTest()[pri:0, instance:com.MyBuilderPatternTest.BuilderDesignPatternTest@c818063]" name="builderTest" duration-ms="13" started-at="2022-04-15T13:23:29Z" finished-at="2022-04-15T13:23:29Z">
          <reporter-output>
          </reporter-output>
        </test-method> <!-- builderTest -->
      </class> <!-- com.MyBuilderPatternTest.BuilderDesignPatternTest -->
    </test> <!-- Default test -->
  </suite> <!-- Default suite -->
</testng-results>
